<?xml version="1.0" encoding="UTF-8"?>
<!-- Generated by org.testng.reporters.JUnitReportReporter -->
<testsuite hostname="DESKTOP-RJAEOM4" failures="0" tests="6" name="TestNG_prjc.groups_1" time="0.038" errors="0" timestamp="2023-11-13T12:57:40 IST" skipped="0">
  <testcase classname="TestNG_prjc.groups_1" name="f3" time="0.005"/>
  <testcase classname="TestNG_prjc.groups_1" name="f2" time="0.010"/>
  <testcase classname="TestNG_prjc.groups_1" name="f" time="0.010"/>
  <testcase classname="TestNG_prjc.groups_1" name="f4" time="0.005"/>
  <testcase classname="TestNG_prjc.groups_1" name="f1" time="0.002"/>
  <testcase classname="TestNG_prjc.groups_1" name="f5" time="0.006"/>
</testsuite> <!-- TestNG_prjc.groups_1 -->
