<?xml version="1.0" encoding="UTF-8"?>
<!-- Generated by org.testng.reporters.JUnitReportReporter -->
<testsuite hostname="DESKTOP-RJAEOM4" failures="0" tests="4" name="TestNG_prjc.Dependence_p" time="0.025" errors="0" timestamp="2023-11-13T12:55:23 IST" skipped="0">
  <testcase classname="TestNG_prjc.Dependence_p" name="function" time="0.012"/>
  <testcase classname="TestNG_prjc.Dependence_p" name="function3" time="0.004"/>
  <testcase classname="TestNG_prjc.Dependence_p" name="function2" time="0.006"/>
  <testcase classname="TestNG_prjc.Dependence_p" name="function1" time="0.003"/>
</testsuite> <!-- TestNG_prjc.Dependence_p -->
