<?xml version="1.0" encoding="UTF-8"?>
<!-- Generated by org.testng.reporters.JUnitReportReporter -->
<testsuite hostname="DESKTOP-RJAEOM4" failures="0" tests="8" name="TestNG_prjc.dataprovider_1" time="0.092" errors="0" timestamp="2023-11-13T12:54:35 IST" skipped="0">
  <testcase classname="TestNG_prjc.dataprovider_1" name="even" time="0.005"/>
  <testcase classname="TestNG_prjc.dataprovider_1" name="add" time="0.005"/>
  <testcase classname="TestNG_prjc.dataprovider_1" name="add" time="0.013"/>
  <testcase classname="TestNG_prjc.dataprovider_1" name="add" time="0.013"/>
  <testcase classname="TestNG_prjc.dataprovider_1" name="even" time="0.006"/>
  <testcase classname="TestNG_prjc.dataprovider_1" name="even" time="0.010"/>
  <testcase classname="TestNG_prjc.dataprovider_1" name="even" time="0.007"/>
  <testcase classname="TestNG_prjc.dataprovider_1" name="add" time="0.033"/>
</testsuite> <!-- TestNG_prjc.dataprovider_1 -->
